21.10.2020 15:27:54;        Meldung ;######## Logdatei verkleinert ##########
21.10.2020 15:27:54;        Meldung ;Verkleinern der Logdatei von 146 auf ca. 73

21.10.2020 15:27:55;        Meldung ;Initialisierung des Programms...
21.10.2020 15:27:55;        Meldung ;Einlesen der Config.ini Datei...
21.10.2020 15:27:55;      [Warnung] ;! Es wurde keine Config.ini Datei gefunden. Es wird eine neue Config.ini mit    Standardeinstellungen erstellt.
21.10.2020 15:27:55;        Meldung ;Erstellen einer neuen leeren Config.ini...
21.10.2020 15:28:02;   [**FEHLER**] ;Die Datei 'Config.ini' hat nicht existiert und wurde neu angelegt.   Bitte die Einstellungen kontrollieren, bevor das Programm erneut ausgeführt wird.
21.10.2020 15:28:16;        Meldung ;Initialisierung des Programms fehlgeschlagen.
21.10.2020 15:28:17;        Meldung ;Programm wird nach Fehler beendet.
21.10.2020 15:29:27;        Meldung ;**********************************
21.10.2020 15:29:27;        Meldung ;--------- PROGRAMMSTART ----------
21.10.2020 15:29:28;        Meldung ;Initialisierung des Programms...
21.10.2020 15:29:28;        Meldung ;Einlesen der Config.ini Datei...
21.10.2020 15:29:28;        Meldung ;Einlesen der Config.ini Datei erfolgreich.
21.10.2020 15:29:28;        Meldung ;Einlesen der Datei loeschKunde.txt...
21.10.2020 15:29:28;        Meldung ;Einlesen der Datei loeschKunde.txt erfolgreich.
21.10.2020 15:29:28;        Meldung ;Einlesen der Datei loeschArtikel.txt...
21.10.2020 15:29:28;        Meldung ;Einlesen der Datei loeschArtikel.txt erfolgreich.
21.10.2020 15:29:28;        Meldung ;Einlesen der Datei tauscheArtikel.txt...
21.10.2020 15:29:28;        Meldung ;Einlesen der Datei tauscheArtikel.txt erfolgreich.
21.10.2020 15:29:32;        Meldung ;Initialisierung des Programms erfolgreich.
21.10.2020 15:29:34;        Meldung ;Prüfung der übergebenen Parameter...
22.10.2020 08:01:29;        Meldung ;**********************************
22.10.2020 08:01:29;        Meldung ;--------- PROGRAMMSTART ----------
22.10.2020 08:01:29;        Meldung ;Initialisierung des Programms...
22.10.2020 08:01:29;        Meldung ;Einlesen der Config.ini Datei...
22.10.2020 08:01:29;        Meldung ;Einlesen der Config.ini Datei erfolgreich.
22.10.2020 08:01:29;        Meldung ;Einlesen der Datei loeschKunde.txt...
22.10.2020 08:01:29;        Meldung ;Einlesen der Datei loeschKunde.txt erfolgreich.
22.10.2020 08:01:29;        Meldung ;Einlesen der Datei loeschArtikel.txt...
22.10.2020 08:01:29;        Meldung ;Einlesen der Datei loeschArtikel.txt erfolgreich.
22.10.2020 08:01:29;        Meldung ;Einlesen der Datei tauscheArtikel.txt...
22.10.2020 08:01:29;        Meldung ;Einlesen der Datei tauscheArtikel.txt erfolgreich.
22.10.2020 08:01:29;        Meldung ;Initialisierung des Programms erfolgreich.
22.10.2020 08:01:29;        Meldung ;Prüfung der Parameter erfolgreich.
22.10.2020 08:01:29;        Meldung ;Prüfen des Quellpfades: D:\DEVELOP\Dot.NET\DTAToSedas\DTAtoSEDAS\DatToSedasReengineer\Testdaten\20201022.dat
22.10.2020 08:01:29;        Meldung ;Prüfung des Quellpfades erfolgreich.
22.10.2020 08:01:29;        Meldung ;Start der Konvertierung der Bestelldatei in eine Sedas.dat...
22.10.2020 08:01:29;        Meldung ;Beginn der Konvertierung...
22.10.2020 08:01:29;        Meldung ;Einlesen der Quelldatei...
22.10.2020 08:01:29;        Meldung ;Einlesen neues Dateiformat...
22.10.2020 08:01:29;        Meldung ;Löschen von nicht benötigten Kunden- und Artikeldaten laut loeschKunde.txt & loeschArtikel.txt.
22.10.2020 08:01:29;        Meldung ;Austauschen von Artikelnummern laut tauscheArtikel.txt.
22.10.2020 08:01:29;        Meldung ;Schreiben der Sedas.dat...
22.10.2020 08:01:29;        Meldung ;Konvertierung in SEDAS.DAT abgeschlossen.
22.10.2020 08:01:29;        Meldung ;Datei D:\DEVELOP\Dot.NET\DTAToSedas\DTAtoSEDAS\DatToSedasReengineer\Testdaten\20201022.dat erstellt.
22.10.2020 08:01:29;        Meldung ;Counter in Config.ini zurückschreiben...
22.10.2020 08:01:29;        Meldung ;--- Programm normal beendet. ---
22.10.2020 08:01:29;        Meldung ;********************************
22.10.2020 08:01:29;        Meldung ;
22.10.2020 08:03:54;        Meldung ;**********************************
22.10.2020 08:03:54;        Meldung ;--------- PROGRAMMSTART ----------
22.10.2020 08:03:54;        Meldung ;Initialisierung des Programms...
22.10.2020 08:03:54;        Meldung ;Einlesen der Config.ini Datei...
22.10.2020 08:03:54;        Meldung ;Einlesen der Config.ini Datei erfolgreich.
22.10.2020 08:03:54;        Meldung ;Einlesen der Datei loeschKunde.txt...
22.10.2020 08:03:54;        Meldung ;Einlesen der Datei loeschKunde.txt erfolgreich.
22.10.2020 08:03:54;        Meldung ;Einlesen der Datei loeschArtikel.txt...
22.10.2020 08:03:54;        Meldung ;Einlesen der Datei loeschArtikel.txt erfolgreich.
22.10.2020 08:03:54;        Meldung ;Einlesen der Datei tauscheArtikel.txt...
22.10.2020 08:03:54;        Meldung ;Einlesen der Datei tauscheArtikel.txt erfolgreich.
22.10.2020 08:03:54;        Meldung ;Initialisierung des Programms erfolgreich.
22.10.2020 08:03:54;        Meldung ;Prüfung der Parameter erfolgreich.
22.10.2020 08:03:54;        Meldung ;Prüfen des Quellpfades: D:\DEVELOP\Dot.NET\DTAToSedas\DTAtoSEDAS\DatToSedasReengineer\Testdaten\20201022.dat
22.10.2020 08:03:54;        Meldung ;Prüfung des Quellpfades erfolgreich.
22.10.2020 08:03:54;        Meldung ;Start der Konvertierung der Bestelldatei in eine Sedas.dat...
22.10.2020 08:03:54;        Meldung ;Beginn der Konvertierung...
22.10.2020 08:03:54;        Meldung ;Einlesen der Quelldatei...
22.10.2020 08:03:54;        Meldung ;Einlesen neues Dateiformat...
22.10.2020 08:03:54;        Meldung ;Löschen von nicht benötigten Kunden- und Artikeldaten laut loeschKunde.txt & loeschArtikel.txt.
22.10.2020 08:03:54;        Meldung ;Austauschen von Artikelnummern laut tauscheArtikel.txt.
22.10.2020 08:03:54;        Meldung ;Schreiben der Sedas.dat...
22.10.2020 08:03:54;        Meldung ;Konvertierung in SEDAS.DAT abgeschlossen.
22.10.2020 08:03:54;        Meldung ;Datei D:\DEVELOP\Dot.NET\DTAToSedas\DTAtoSEDAS\DatToSedasReengineer\Testdaten\20201022.dat erstellt.
22.10.2020 08:03:54;        Meldung ;Counter in Config.ini zurückschreiben...
22.10.2020 08:03:54;        Meldung ;--- Programm normal beendet. ---
22.10.2020 08:03:54;        Meldung ;********************************
22.10.2020 08:03:54;        Meldung ;
22.10.2020 08:04:25;        Meldung ;**********************************
22.10.2020 08:04:25;        Meldung ;--------- PROGRAMMSTART ----------
22.10.2020 08:04:25;        Meldung ;Initialisierung des Programms...
22.10.2020 08:04:25;        Meldung ;Einlesen der Config.ini Datei...
22.10.2020 08:04:25;        Meldung ;Einlesen der Config.ini Datei erfolgreich.
22.10.2020 08:04:25;        Meldung ;Einlesen der Datei loeschKunde.txt...
22.10.2020 08:04:25;        Meldung ;Einlesen der Datei loeschKunde.txt erfolgreich.
22.10.2020 08:04:25;        Meldung ;Einlesen der Datei loeschArtikel.txt...
22.10.2020 08:04:25;        Meldung ;Einlesen der Datei loeschArtikel.txt erfolgreich.
22.10.2020 08:04:25;        Meldung ;Einlesen der Datei tauscheArtikel.txt...
22.10.2020 08:04:25;        Meldung ;Einlesen der Datei tauscheArtikel.txt erfolgreich.
22.10.2020 08:04:25;        Meldung ;Initialisierung des Programms erfolgreich.
22.10.2020 08:04:25;        Meldung ;Prüfung der Parameter erfolgreich.
22.10.2020 08:04:25;        Meldung ;Prüfen des Quellpfades: D:\DEVELOP\Dot.NET\DTAToSedas\DTAtoSEDAS\DatToSedasReengineer\Testdaten\20201022.dat
22.10.2020 08:04:25;        Meldung ;Prüfung des Quellpfades erfolgreich.
22.10.2020 08:04:25;        Meldung ;Start der Konvertierung der Bestelldatei in eine Sedas.dat...
22.10.2020 08:04:25;        Meldung ;Beginn der Konvertierung...
22.10.2020 08:04:25;        Meldung ;Einlesen der Quelldatei...
22.10.2020 08:04:25;        Meldung ;Einlesen neues Dateiformat...
22.10.2020 08:04:25;        Meldung ;Löschen von nicht benötigten Kunden- und Artikeldaten laut loeschKunde.txt & loeschArtikel.txt.
22.10.2020 08:04:25;        Meldung ;Austauschen von Artikelnummern laut tauscheArtikel.txt.
22.10.2020 08:04:25;        Meldung ;Schreiben der Sedas.dat...
22.10.2020 08:04:25;        Meldung ;Konvertierung in SEDAS.DAT abgeschlossen.
22.10.2020 08:04:25;        Meldung ;Datei D:\DEVELOP\Dot.NET\DTAToSedas\DTAtoSEDAS\DatToSedasReengineer\Testdaten\20201022.dat erstellt.
22.10.2020 08:04:25;        Meldung ;Counter in Config.ini zurückschreiben...
22.10.2020 08:04:25;        Meldung ;--- Programm normal beendet. ---
22.10.2020 08:04:25;        Meldung ;********************************
22.10.2020 08:04:25;        Meldung ;
22.10.2020 08:04:52;        Meldung ;**********************************
22.10.2020 08:04:52;        Meldung ;--------- PROGRAMMSTART ----------
22.10.2020 08:04:52;        Meldung ;Initialisierung des Programms...
22.10.2020 08:04:52;        Meldung ;Einlesen der Config.ini Datei...
22.10.2020 08:04:52;        Meldung ;Einlesen der Config.ini Datei erfolgreich.
22.10.2020 08:04:52;        Meldung ;Einlesen der Datei loeschKunde.txt...
22.10.2020 08:04:52;        Meldung ;Einlesen der Datei loeschKunde.txt erfolgreich.
22.10.2020 08:04:52;        Meldung ;Einlesen der Datei loeschArtikel.txt...
22.10.2020 08:04:52;        Meldung ;Einlesen der Datei loeschArtikel.txt erfolgreich.
22.10.2020 08:04:52;        Meldung ;Einlesen der Datei tauscheArtikel.txt...
22.10.2020 08:04:52;        Meldung ;Einlesen der Datei tauscheArtikel.txt erfolgreich.
22.10.2020 08:04:52;        Meldung ;Initialisierung des Programms erfolgreich.
22.10.2020 08:04:52;        Meldung ;Prüfung der Parameter erfolgreich.
22.10.2020 08:04:52;        Meldung ;Prüfen des Quellpfades: D:\DEVELOP\Dot.NET\DTAToSedas\DTAtoSEDAS\DatToSedasReengineer\Testdaten\20201022.dat
22.10.2020 08:04:52;        Meldung ;Prüfung des Quellpfades erfolgreich.
22.10.2020 08:04:52;        Meldung ;Start der Konvertierung der Bestelldatei in eine Sedas.dat...
22.10.2020 08:04:52;        Meldung ;Beginn der Konvertierung...
22.10.2020 08:04:52;        Meldung ;Einlesen der Quelldatei...
22.10.2020 08:04:52;        Meldung ;Einlesen neues Dateiformat...
22.10.2020 08:04:52;        Meldung ;Löschen von nicht benötigten Kunden- und Artikeldaten laut loeschKunde.txt & loeschArtikel.txt.
22.10.2020 08:04:52;        Meldung ;Austauschen von Artikelnummern laut tauscheArtikel.txt.
22.10.2020 08:04:52;        Meldung ;Schreiben der Sedas.dat...
22.10.2020 08:04:52;        Meldung ;Konvertierung in SEDAS.DAT abgeschlossen.
22.10.2020 08:04:52;        Meldung ;Datei D:\DEVELOP\Dot.NET\DTAToSedas\DTAtoSEDAS\DatToSedasReengineer\Testdaten\20201022.dat erstellt.
22.10.2020 08:04:52;        Meldung ;Counter in Config.ini zurückschreiben...
22.10.2020 08:04:52;        Meldung ;--- Programm normal beendet. ---
22.10.2020 08:04:52;        Meldung ;********************************
22.10.2020 08:04:52;        Meldung ;
22.10.2020 08:05:39;        Meldung ;**********************************
22.10.2020 08:05:39;        Meldung ;--------- PROGRAMMSTART ----------
22.10.2020 08:05:39;        Meldung ;Initialisierung des Programms...
22.10.2020 08:05:39;        Meldung ;Einlesen der Config.ini Datei...
22.10.2020 08:05:39;        Meldung ;Einlesen der Config.ini Datei erfolgreich.
22.10.2020 08:05:39;        Meldung ;Einlesen der Datei loeschKunde.txt...
22.10.2020 08:05:39;        Meldung ;Einlesen der Datei loeschKunde.txt erfolgreich.
22.10.2020 08:05:39;        Meldung ;Einlesen der Datei loeschArtikel.txt...
22.10.2020 08:05:39;        Meldung ;Einlesen der Datei loeschArtikel.txt erfolgreich.
22.10.2020 08:05:39;        Meldung ;Einlesen der Datei tauscheArtikel.txt...
22.10.2020 08:05:39;        Meldung ;Einlesen der Datei tauscheArtikel.txt erfolgreich.
22.10.2020 08:05:39;        Meldung ;Initialisierung des Programms erfolgreich.
22.10.2020 08:05:39;        Meldung ;Prüfung der Parameter erfolgreich.
22.10.2020 08:05:39;        Meldung ;Prüfen des Quellpfades: D:\DEVELOP\Dot.NET\DTAToSedas\DTAtoSEDAS\DatToSedasReengineer\Testdaten\20201022.dat
22.10.2020 08:05:39;        Meldung ;Prüfung des Quellpfades erfolgreich.
22.10.2020 08:05:39;        Meldung ;Start der Konvertierung der Bestelldatei in eine Sedas.dat...
22.10.2020 08:05:39;        Meldung ;Beginn der Konvertierung...
22.10.2020 08:05:39;        Meldung ;Einlesen der Quelldatei...
22.10.2020 08:05:39;        Meldung ;Einlesen neues Dateiformat...
22.10.2020 08:05:39;        Meldung ;Löschen von nicht benötigten Kunden- und Artikeldaten laut loeschKunde.txt & loeschArtikel.txt.
22.10.2020 08:05:39;        Meldung ;Austauschen von Artikelnummern laut tauscheArtikel.txt.
22.10.2020 08:05:39;        Meldung ;Schreiben der Sedas.dat...
22.10.2020 08:05:39;        Meldung ;Konvertierung in SEDAS.DAT abgeschlossen.
22.10.2020 08:05:39;        Meldung ;Datei D:\DEVELOP\Dot.NET\DTAToSedas\DTAtoSEDAS\DatToSedasReengineer\Testdaten\20201022.dat erstellt.
22.10.2020 08:05:39;        Meldung ;Counter in Config.ini zurückschreiben...
22.10.2020 08:05:39;        Meldung ;--- Programm normal beendet. ---
22.10.2020 08:05:39;        Meldung ;********************************
22.10.2020 08:05:39;        Meldung ;
22.10.2020 08:07:27;        Meldung ;**********************************
22.10.2020 08:07:27;        Meldung ;--------- PROGRAMMSTART ----------
22.10.2020 08:07:27;        Meldung ;Initialisierung des Programms...
22.10.2020 08:07:27;        Meldung ;Einlesen der Config.ini Datei...
22.10.2020 08:07:27;        Meldung ;Einlesen der Config.ini Datei erfolgreich.
22.10.2020 08:07:27;        Meldung ;Einlesen der Datei loeschKunde.txt...
22.10.2020 08:07:27;        Meldung ;Einlesen der Datei loeschKunde.txt erfolgreich.
22.10.2020 08:07:27;        Meldung ;Einlesen der Datei loeschArtikel.txt...
22.10.2020 08:07:27;        Meldung ;Einlesen der Datei loeschArtikel.txt erfolgreich.
22.10.2020 08:07:27;        Meldung ;Einlesen der Datei tauscheArtikel.txt...
22.10.2020 08:07:27;        Meldung ;Einlesen der Datei tauscheArtikel.txt erfolgreich.
22.10.2020 08:07:27;        Meldung ;Initialisierung des Programms erfolgreich.
22.10.2020 08:07:27;        Meldung ;Prüfung der Parameter erfolgreich.
22.10.2020 08:07:27;        Meldung ;Prüfen des Quellpfades: D:\DEVELOP\Dot.NET\DTAToSedas\DTAtoSEDAS\DatToSedasReengineer\Testdaten\20201022.dat
22.10.2020 08:07:27;        Meldung ;Prüfung des Quellpfades erfolgreich.
22.10.2020 08:07:27;        Meldung ;Start der Konvertierung der Bestelldatei in eine Sedas.dat...
22.10.2020 08:07:27;        Meldung ;Beginn der Konvertierung...
22.10.2020 08:07:27;        Meldung ;Einlesen der Quelldatei...
22.10.2020 08:07:27;        Meldung ;Einlesen neues Dateiformat...
22.10.2020 08:07:27;        Meldung ;Löschen von nicht benötigten Kunden- und Artikeldaten laut loeschKunde.txt & loeschArtikel.txt.
22.10.2020 08:07:27;        Meldung ;Austauschen von Artikelnummern laut tauscheArtikel.txt.
22.10.2020 08:07:27;        Meldung ;Schreiben der Sedas.dat...
22.10.2020 08:07:27;        Meldung ;Konvertierung in SEDAS.DAT abgeschlossen.
22.10.2020 08:07:27;        Meldung ;Datei D:\DEVELOP\Dot.NET\DTAToSedas\DTAtoSEDAS\DatToSedasReengineer\Testdaten\20201022.dat erstellt.
22.10.2020 08:07:27;        Meldung ;Counter in Config.ini zurückschreiben...
22.10.2020 08:07:27;        Meldung ;--- Programm normal beendet. ---
22.10.2020 08:07:27;        Meldung ;********************************
22.10.2020 08:07:27;        Meldung ;
